optimization
optics
ceutics
sceptic
scriptwriter
know
acknowledge
trying
ploying
queen
sequel
technique
inhuman
underwhelm
helmet
bulk
milky
like
walk
cakewalk
wellkept
talkingpoint
lake
fluke
offscreen
offspring
doughnut
highness
ethnic
schnitzel
insomnia
columnist
chimney
indemnify
remnant
hymn
mnemonic
omniscient
alumnus
calumny
amnio
enjoy
unjust
conjuror
injure
banjo
conject
enmesh
government
signment
tainment
unmix
unmiss
unmit
enlight
enlightenment
sunlit
unmanly
unless
unladylike
unlike
unlikely
bunker
unkempt
sunken
flunkey
donkey
monkey
think
ankle
wrinkly
blinker
key
keystroke
handbrake
ken
spoken
stakeholder
smokescreen
workmanlike
kelp
luke
basketball
kept
uptake
makeup
deutschmark
matchmaker
attemtps
debt
debunk
biddable
blo
doubtful
cufflink
cuffs
specific
unmmerciful
adept
dedpendable
dipswitch
devalue
dividend
divdingboard
scubadiving
developed
feckless
athletics
hole
childbirth
technics
devilment
bankrupt
kneelength
chalk
childbirth
helicopter
knothole
narwhal
