backfire
blackfly
cafe
cafeteria
caffeine
caftan
calciferol
calciferous
calcify
cholecalciferol
coffee
coffee-mill
coffee-table
coffer
coffer-dam
coffin
cruciferous
crucifix
crucifixion
cruciform
crucify
cuff
cuff-link
cufic
decaffeinated
disgraceful
fanciful
fisticuffs
forceful
graceful
handcuff
henceforth
lucifer
merciful
mercifully
non-specific
pacific
pacifier
pacifism
pacify
peaceful
pitchfork
reproachful
respectful
rockfall
scaffold
scaffolding
scoff
scuff
scuffle
specific
specification
specify
tactful
thenceforth
ungraceful
unicef
unmerciful
unspecific
unspecified
vociferate
vociferous
watchful
