agape
bagpipe
baking-powder
bargepole
blotting-paper
breaking-point
dog-paddle
drawing-pin
eggplant
egyptian
egyptology
flag-pole
frying-pan
gangplank
gap
gape
gdp
gippy
gipsy
gnp
gopher
gp
gpo
guppy
gypsum
gypsy
hiding-place
hodgepodge
kingpin
king-post
leg-pull
long-playing
magpie
megaphone
melting-pot
ping-pong
printing-press
ring-pull
rolling-pin
selling-point
signpost
sleeping-pill
stag-party
sticking-plaster
stopgap
talking-point
throughput
tracing-paper
turning-point
vanishing-point
warming-pan
washing-powder
watering-place
winning-post
writing-paper
