ashlar
athlete
athletic
athletics
biathlon
breathless
catchline
chloral
chloride
chlorinate
chlorine
chlorofluorocarbon
chloroform
chlorophyll
coachload
dahlia
deathly
decathlon
earthling
earthly
faithless
flashlight
fleshly
highland
highland
highland
highlight
highlighter
highly
highly-strung
highland
highlight
highlighter
highly
hydrochloric
kohl
mahlstick
marshland
matchless
monthly
pamphlet
pamphleteer
pentathlon
phlebitis
phlegm
phlegmatic
phloem
phlox
richly
roughly
rushlight
ruthless
schlock
searchlight
speechless
suchlike
torchlight
triathlon
unearthly
worthless
