acknowledge
acknowledgement
antiknock
banknote
breakneck
camiknickers
clasp-knife
close-knit
cockney
cracknel
doorknob
fish-knife
flick-knife
foreknow
hackney
hackneyed
jackknife
knack
knacker
knapsack
knapweed
knave
knead
knee
knee-bend
knee-breeches
knee-deep
knee-high
knee-jerk
knee-length
kneecap
kneel
kneeler
knees-up
knell
knelt
knew
knick-knack
knickerbocker
knickers
knife
knife-edge
knife-pleat
knight
knit
knitting
knitting-machine
knitting-needle
knitwear
knives
knob
knobbly
knock
knock-down
knock-on
knock-up
knockabout
knocker
knocking-shop
knockout
knoll
knot-hole
knot1
knot2
knotgrass
knotty
know
know-all
know-how
knowing
knowingly
knowledge
knowledgeable
known
knuckle
knuckleduster
knurl
nickname
palette-knife
paper-knife
penknife
reef-knot
self-knowledge
sickness
slip-knot
thickness
topknot
unacknowledged
unbeknown
unknot
unknowable
unknowing
unknown
weak-kneed
weakness
well-known
