alchemy
alehouse
allah
alpha
alphabet
alphanumeric
although
alzheimer
ayatollah
ballyhoo
bilharzia
billhook
bolshevik
bolshie
bulkhead
bull-headed
bullshit
camel-hair
cellphone
charnel-house
childhood
commonwealth
delphic
delphinium
dolphin
dolphinarium
filch
filth
filthy
flugelhorn
foolhardy
guildhall
gulch
health
healthy
hell-hole
hezbollah
hizbollah
healthful
hollyhock
keelhaul
kilohertz
kolkhoz
lah
level-headed
likelihood
livelihood
mailshot
malthusian
mantelshelf
milch
molehill
mulch
mullah
philadelphus
philharmonic
pilchard
polyhedron
pulchritude
schoolchild
schoolhouse
sepulcher
sepulchral
sepulchre
silhouette
smallholder
smallholding
squelch
stallholder
stealth
stealthy
stranglehold
sulpha
sulphate
sulphide
sulphite
sulphonamide
sulphur
sulphureous
sulphuric
sulphurous
sylph
thiosulphate
tilth
unhealthy
wallah
wealth
wealthy
welch
well-head
well-heeled
welsh
welshman
welshwoman
wheelchair
wheel-house
wholehearted
wolfhound
zilch
