ailment
alma
almanac
almighty
almond
almoner
almost
alms
almshouse
balm
balmy
calm
coalman
coalmine
crash-helmet
culminate
dalmatian
devilment
dolma
dolman
dolmen
elm
embalm
film
film-goer
film-strip
filmsetting
filmy
fulmar
fulminant
fulminate
hallmark
halm
haulm
helm
helmet
helmsman
holm
holmium
installment
instalment
malmsey
michaelmas
microfilm
napalm
ophthalmia
ophthalmic
ophthalmology
ophthalmoscope
overwhelm
overwhelming
palm
palmate
palmetto
palmistry
palmy
pelmet
psalm
psalmist
psalmody
pullman
pulmonary
qualm
railman
realm
rock-salmon
rollmop
salmon
salmonella
scandalmonger
schoolmaster
schoolmistress
self-fulfilment
signalman
talmud
toolmaker
underwhelm
whelm
wish-fulfilment
