anhydrous
bonhomie
buttonhole
disinherit
downhearted
downhill
enhance
fahrenheit
greenhorn
greenhouse
greenhouse
greenhouse
inhabit
inhabitant
inhalant
inhale
inhaler
inhere
inherent
inherit
inheritance
inheritance
inhibit
inhibition
inhospitable
inhuman
inhumane
ipecacuanha
maidenhair
maidenhead
manhandle
manhole
manhood
manhunt
menhir
pinhead
pinhole
pinhole
piranha
sanhedrin
sinh
sinhalese
skinhead
tanh
unhallowed
unhampered
unhand
unhappy
unharmed
unharness
unhealthy
unheard
unheeded
unhelpful
unhesitating
unhindered
unhinge
unhistorical
unhitch
unholy
unhook
unhoped-for
unhorse
unhurried
unhurt
unhygienic
uninhabitable
uninhabited
uninhibited
womanhood
