brainless
certainly
chinless
chinless
cleanly1
cleanly2
commonly
downland
dunlin
enlarge
enlarger
enlighten
enlightenment
enlist
enliven
fanlight
gentlemanly
heavenly
heavenly
heavenly
heavenly
heavenly
heavenly
humanly
inland
inland
inlay
inlet
mainland
mainline
mainly
manly
matronly
moonlight
moonlight
moonlit
online
onlooker
only
only
openly
painless
re-enlist
slovenly
stainless
stainless
sunlight
sunlit
unenlightened
ungainly
ungentlemanly
unlabeled
unlabelled
unlace
unladen
unladen
unladylike
unlatch
unlawful
unleaded
unlearn
unlearned1
unlearned2
unleash
unleavened
unless
unlettered
unlicensed
unlike
unlikely
unlike
unlimited
unlined1
unlined2
unlisted
unlit
unload
unlock
unlooked-for
unloose
unlovable
unloved
unlovely
unloving
unlucky
unmanly
unsportsmanlike
unworkmanlike
womanly
workmanlike
