apogee
arpeggio
champagne
clothes-peg
epiglottis
epigram
epigraph
equipage
guinea-pig
higgledy-piggledy
impugn
mpg
oppugn
pagan
page-boy
page
pageant
pageantry
pager
paginate
pagoda
peg
peg-leg
pegboard
pig
pig-iron
pigeon
pigeon-hole
pigeon-toed
piggery
piggish
piggy
piggyback
pigheaded
piglet
pigment
pigmentation
pigmy
pigskin
pigsty
pigswill
pigtail
pogo
pogrom
popgun
propaganda
propagate
propagator
pug
pug-nose
pugilist
pugnacious
pygmy
rampage
repugnance
repugnant
scapegoat
seepage
slippage
spaghetti
spigot
spyglass
stool-pigeon
stop-go
stopgap
stoppage
title-page
topgallant
topography
typography
upgrade
woodpigeon
