afterward
afterwards
airway
airwoman
airworthy
bladderwrack
caterwaul
charwoman
clearway
counterweight
cruiserweight
darwinian
doorway
earwig
fairway
featherweight
forward
forwent
gearwheel
interwar
interweave
liverwort
motorway
narwhal
norwegian
otherwise
overweening
overweight
overwhelm
overwhelming
overwind
overwork
overwrought
paperweight
paperwork
rearward
silverware
spearwort
stairway
stairwell
straightforward
superwoman
tupperware
underwater
underwear
underweight
underwent
underwhelm
underworld
underwrite
washerwoman
waterway
waterworks
welterweight
whippoorwill
wickerwork
airwaves
