aggrieved
avid
bravado
broad-leaved
calvados
cd-video
contrived
divide
dividend
divider
evade
evidence
evident
evidential
evidently
fervid
gravedigger
gravid
improvident
individual
individualism
individuality
individualize
individually
invade
invidious
leaved
lived-in
livid
long-lived
oviduct
pervade
provide
provided
providence
provident
providential
provident
providing
received
redivide
reserved
resolved
revd
self-evident
short-lived
stevedore
subdivide
time-served
undeserved
undivided
unloved
unmoved
unobserved
unproved
unrelieved
unreserved
unresolved
unsolved
upcurved
vade-mecum
vd
vdu
veda
vide
videlicet
video
video
videodisc
video
video
video
video
videotape
videotape
videotex
vivid
vodka
well-behaved
well-preserved
well-received
