arm-wrestling
arrowroot
awry
bladderwrack
cart-wright
co-write
copywriter
cowrie
dowry
enwrap
ghost-writer
gift-wrap
handwriting
inwrought
jenny-wren
jewry
lawrencium
millwright
overwrought
playwright
rewrite
screenwriter
scriptwriter
shipwreck
shipwright
showroom
shrink-wrap
signwriter
singer-songwriter
sky-writing
songwriter
typewriter
typewritten
underwrite
unwrap
unwritten
wheelwright
wrac
wrack
wraf
wraith
wrangle
wrap
wrap-over
wraparound
wrapper
wrapping
wrapround
wrasse
wrath
wrathful
wreak
wreath
wreathe
wreck
wreckage
wrecker
wren
wrench
wrest
wrestle
wretch
wretched
wrick
wriggle
wright
wring
wringer
wringing
wrinkle
wrinkly
wrist
wrist-watch
wristlet
writ1
writ2
write
write-off
write-up
writer
writers
writhe
writing
writing-desk
writing-paper
written
wrong
wrong-foot
wrongdoer
wrongful
wrote
wroth
wrought
wrung
wry
wryneck
wrong-headed
